2026/06/21 01:21:20 desktop: backend ready at http://127.0.0.1:8082
[GIN-debug] [WARNING] Running in "debug" mode. Switch to "release" mode in production.
 - using env:	export GIN_MODE=release
 - using code:	gin.SetMode(gin.ReleaseMode)

[GIN-debug] GET    /assets/*filepath         --> ginp-api/pkg/server.mountFileServer.func1 (3 handlers)
[GIN-debug] HEAD   /assets/*filepath         --> ginp-api/pkg/server.mountFileServer.func2 (3 handlers)
[GIN-debug] GET    /static/*filepath         --> ginp-api/pkg/server.mountFileServer.func1 (3 handlers)
[GIN-debug] HEAD   /static/*filepath         --> ginp-api/pkg/server.mountFileServer.func2 (3 handlers)
[GIN-debug] POST   /api/demo_table/demo_add_api --> ginp-api/internal/gapi/controller/system/cdemotable.init.0.RegisterHandler.func1 (4 handlers)
[GIN-debug] POST   /api/demo_table/create    --> ginp-api/internal/gapi/controller/system/cdemotable.init.1.RegisterHandler.func1 (4 handlers)
[GIN-debug] POST   /api/demo_table/findById  --> ginp-api/internal/gapi/controller/system/cdemotable.init.1.RegisterHandler.func2 (4 handlers)
[GIN-debug] POST   /api/demo_table/update    --> ginp-api/internal/gapi/controller/system/cdemotable.init.1.RegisterHandler.func3 (4 handlers)
[GIN-debug] POST   /api/demo_table/delete    --> ginp-api/internal/gapi/controller/system/cdemotable.init.1.RegisterHandler.func4 (4 handlers)
[GIN-debug] POST   /api/demo_table/search    --> ginp-api/internal/gapi/controller/system/cdemotable.init.1.RegisterHandler.func5 (4 handlers)
[GIN-debug] GET    /api/health               --> ginp-api/internal/gapi/controller/system/cindex.init.0.RegisterHandler.func1 (4 handlers)
[GIN-debug] POST   /api/sys_user/login_by_email --> ginp-api/internal/gapi/controller/user/cuser.init.0.RegisterHandler.func1 (4 handlers)
[GIN-debug] POST   /api/sys_user/login_by_username --> ginp-api/internal/gapi/controller/user/cuser.init.1.RegisterHandler.func1 (4 handlers)
[GIN-debug] POST   /api/user/register_by_email --> ginp-api/internal/gapi/controller/user/cuser.init.2.RegisterHandler.func1 (4 handlers)
[GIN-debug] POST   /api/sys_user/create      --> ginp-api/internal/gapi/controller/user/cuser.init.3.RegisterHandler.func1 (4 handlers)
[GIN-debug] POST   /api/sys_user/findById    --> ginp-api/internal/gapi/controller/user/cuser.init.3.RegisterHandler.func2 (4 handlers)
[GIN-debug] POST   /api/sys_user/update      --> ginp-api/internal/gapi/controller/user/cuser.init.3.RegisterHandler.func3 (4 handlers)
[GIN-debug] POST   /api/sys_user/delete      --> ginp-api/internal/gapi/controller/user/cuser.init.3.RegisterHandler.func4 (4 handlers)
[GIN-debug] POST   /api/sys_user/search      --> ginp-api/internal/gapi/controller/user/cuser.init.3.RegisterHandler.func5 (4 handlers)
[GIN-debug] POST   /api/user/update_user_info --> ginp-api/internal/gapi/controller/user/cuser.init.4.RegisterHandler.func1 (4 handlers)
[GIN-debug] GET    /swagger/*any             --> github.com/swaggo/gin-swagger.CustomWrapHandler.func1 (4 handlers)
[GIN-debug] GET    /                         --> ginp-api/pkg/server.mountFrontRoot.func1 (4 handlers)
[GIN] 2026/06/21 - 01:21:20 | 200 |     748.167µs |       127.0.0.1 | GET      "/"
[GIN] 2026/06/21 - 01:21:20 | 200 |     132.208µs |       127.0.0.1 | GET      "/style.css"
[GIN] 2026/06/21 - 01:21:20 | 200 |     137.625µs |       127.0.0.1 | GET      "/assets/index-BZNm2K6j.js"
[GIN] 2026/06/21 - 01:21:20 | 200 |      20.292µs |       127.0.0.1 | GET      "/assets/index-DRnENS_v.css"
[GIN] 2026/06/21 - 01:21:20 | 200 |       36.25µs |       127.0.0.1 | GET      "/api/health"
[GIN] 2026/06/21 - 01:21:20 | 200 |      61.708µs |       127.0.0.1 | GET      "/wails.png"
[GIN] 2026/06/21 - 01:21:20 | 200 |      24.416µs |       127.0.0.1 | GET      "/vue.svg"
[GIN] 2026/06/21 - 01:21:20 | 200 |       16.25µs |       127.0.0.1 | GET      "/api/health"
[GIN] 2026/06/21 - 01:21:20 | 200 |     377.459µs |       127.0.0.1 | GET      "/Inter-Medium.ttf"
[GIN] 2026/06/21 - 01:21:23 | 200 |      23.834µs |       127.0.0.1 | GET      "/api/health"
[GIN] 2026/06/21 - 01:21:24 | 200 |      29.334µs |       127.0.0.1 | GET      "/api/health"
[GIN] 2026/06/21 - 01:21:25 | 200 |      25.041µs |       127.0.0.1 | GET      "/api/health"
[GIN] 2026/06/21 - 01:21:25 | 200 |      47.833µs |       127.0.0.1 | GET      "/api/health"
[GIN] 2026/06/21 - 01:21:25 | 200 |      12.792µs |       127.0.0.1 | GET      "/api/health"
[GIN] 2026/06/21 - 01:21:25 | 200 |        46.5µs |       127.0.0.1 | GET      "/api/health"
[GIN] 2026/06/21 - 01:21:26 | 200 |      30.917µs |       127.0.0.1 | GET      "/api/health"
[GIN] 2026/06/21 - 01:21:27 | 200 |      25.666µs |       127.0.0.1 | GET      "/api/health"
[GIN] 2026/06/21 - 01:21:29 | 200 |       36.25µs |       127.0.0.1 | GET      "/api/health"
[GIN] 2026/06/21 - 01:21:29 | 200 |       22.25µs |       127.0.0.1 | GET      "/users/123"
[GIN-debug] [WARNING] Running in "debug" mode. Switch to "release" mode in production.
 - using env:	export GIN_MODE=release
 - using code:	gin.SetMode(gin.ReleaseMode)

[GIN-debug] GET    /assets/*filepath         --> ginp-api/cmd/bootstrap.mountFileServer.func1 (3 handlers)
[GIN-debug] HEAD   /assets/*filepath         --> ginp-api/cmd/bootstrap.mountFileServer.func2 (3 handlers)
[GIN-debug] GET    /static/*filepath         --> ginp-api/cmd/bootstrap.mountFileServer.func1 (3 handlers)
[GIN-debug] HEAD   /static/*filepath         --> ginp-api/cmd/bootstrap.mountFileServer.func2 (3 handlers)
[GIN-debug] POST   /api/demo_table/demo_add_api --> ginp-api/internal/gapi/controller/system/cdemotable.init.0.BindParamsHandler.func1 (4 handlers)
[GIN-debug] POST   /api/demo_table/create    --> ginp-api/internal/gapi/controller/system/cdemotable.init.1.BindParamsHandler.func1 (4 handlers)
[GIN-debug] POST   /api/demo_table/findById  --> ginp-api/internal/gapi/controller/system/cdemotable.init.1.BindParamsHandler.func2 (4 handlers)
[GIN-debug] POST   /api/demo_table/update    --> ginp-api/internal/gapi/controller/system/cdemotable.init.1.BindParamsHandler.func3 (4 handlers)
[GIN-debug] POST   /api/demo_table/delete    --> ginp-api/internal/gapi/controller/system/cdemotable.init.1.BindParamsHandler.func4 (4 handlers)
[GIN-debug] POST   /api/demo_table/search    --> ginp-api/internal/gapi/controller/system/cdemotable.init.1.BindParamsHandler.func5 (4 handlers)
[GIN-debug] GET    /api/health               --> ginp-api/internal/gapi/controller/system/cindex.init.0.BindParamsHandler.func1 (4 handlers)
[GIN-debug] POST   /api/sys_user/login_by_email --> ginp-api/internal/gapi/controller/user/cuser.init.0.BindParamsHandler.func1 (4 handlers)
[GIN-debug] POST   /api/sys_user/login_by_username --> ginp-api/internal/gapi/controller/user/cuser.init.1.BindParamsHandler.func1 (4 handlers)
[GIN-debug] POST   /api/user/register_by_email --> ginp-api/internal/gapi/controller/user/cuser.init.2.BindParamsHandler.func1 (4 handlers)
[GIN-debug] POST   /api/sys_user/create      --> ginp-api/internal/gapi/controller/user/cuser.init.3.BindParamsHandler.func1 (4 handlers)
[GIN-debug] POST   /api/sys_user/findById    --> ginp-api/internal/gapi/controller/user/cuser.init.3.BindParamsHandler.func2 (4 handlers)
[GIN-debug] POST   /api/sys_user/update      --> ginp-api/internal/gapi/controller/user/cuser.init.3.BindParamsHandler.func3 (4 handlers)
[GIN-debug] POST   /api/sys_user/delete      --> ginp-api/internal/gapi/controller/user/cuser.init.3.BindParamsHandler.func4 (4 handlers)
[GIN-debug] POST   /api/sys_user/search      --> ginp-api/internal/gapi/controller/user/cuser.init.3.BindParamsHandler.func5 (4 handlers)
[GIN-debug] POST   /api/user/update_user_info --> ginp-api/internal/gapi/controller/user/cuser.init.4.BindParamsHandler.func1 (4 handlers)
[GIN-debug] GET    /swagger/*any             --> github.com/swaggo/gin-swagger.CustomWrapHandler.func1 (4 handlers)
[GIN-debug] GET    /                         --> ginp-api/cmd/bootstrap.mountFrontRoot.func1 (4 handlers)
[GIN-debug] [WARNING] Running in "debug" mode. Switch to "release" mode in production.
 - using env:	export GIN_MODE=release
 - using code:	gin.SetMode(gin.ReleaseMode)

[GIN-debug] GET    /assets/*filepath         --> ginp-api/cmd/bootstrap.mountFileServer.func1 (3 handlers)
[GIN-debug] HEAD   /assets/*filepath         --> ginp-api/cmd/bootstrap.mountFileServer.func2 (3 handlers)
[GIN-debug] GET    /static/*filepath         --> ginp-api/cmd/bootstrap.mountFileServer.func1 (3 handlers)
[GIN-debug] HEAD   /static/*filepath         --> ginp-api/cmd/bootstrap.mountFileServer.func2 (3 handlers)
[GIN-debug] GET    /                         --> ginp-api/internal/gapi/controller/system/cindex.init.0.BindParamsHandler.func1 (5 handlers)
[GIN-debug] POST   /api/sys_user/login_by_email --> ginp-api/internal/gapi/controller/user/cuser.init.0.BindParamsHandler.func1 (5 handlers)
[GIN-debug] POST   /api/sys_user/login_by_username --> ginp-api/internal/gapi/controller/user/cuser.init.1.BindParamsHandler.func1 (5 handlers)
[GIN-debug] POST   /api/user/register_by_email --> ginp-api/internal/gapi/controller/user/cuser.init.2.BindParamsHandler.func1 (5 handlers)
[GIN-debug] POST   /api/sys_user/create      --> ginp-api/internal/gapi/controller/user/cuser.init.3.BindParamsHandler.func1 (5 handlers)
[GIN-debug] POST   /api/sys_user/delete      --> ginp-api/internal/gapi/controller/user/cuser.init.4.BindParamsHandler.func1 (5 handlers)
[GIN-debug] POST   /api/sys_user/findById    --> ginp-api/internal/gapi/controller/user/cuser.init.5.BindParamsHandler.func1 (5 handlers)
[GIN-debug] POST   /api/sys_user/search      --> ginp-api/internal/gapi/controller/user/cuser.init.6.BindParamsHandler.func1 (5 handlers)
[GIN-debug] POST   /api/sys_user/update      --> ginp-api/internal/gapi/controller/user/cuser.init.7.BindParamsHandler.func1 (5 handlers)
[GIN-debug] POST   /api/user/update_user_info --> ginp-api/internal/gapi/controller/user/cuser.init.8.BindParamsHandler.func1 (5 handlers)
[GIN-debug] GET    /swagger/*any             --> github.com/swaggo/gin-swagger.CustomWrapHandler.func1 (5 handlers)
[GIN-debug] GET    /                         --> ginp-api/cmd/bootstrap.mountFrontRoot.func1 (5 handlers)
[GIN-debug] [WARNING] Running in "debug" mode. Switch to "release" mode in production.
 - using env:	export GIN_MODE=release
 - using code:	gin.SetMode(gin.ReleaseMode)

[GIN-debug] GET    /assets/*filepath         --> ginp-api/cmd/bootstrap.mountFileServer.func1 (3 handlers)
[GIN-debug] HEAD   /assets/*filepath         --> ginp-api/cmd/bootstrap.mountFileServer.func2 (3 handlers)
[GIN-debug] GET    /static/*filepath         --> ginp-api/cmd/bootstrap.mountFileServer.func1 (3 handlers)
[GIN-debug] HEAD   /static/*filepath         --> ginp-api/cmd/bootstrap.mountFileServer.func2 (3 handlers)
[GIN-debug] GET    /api/health               --> ginp-api/internal/gapi/controller/system/cindex.init.0.BindParamsHandler.func1 (5 handlers)
[GIN-debug] POST   /api/sys_user/login_by_email --> ginp-api/internal/gapi/controller/user/cuser.init.0.BindParamsHandler.func1 (5 handlers)
[GIN-debug] POST   /api/sys_user/login_by_username --> ginp-api/internal/gapi/controller/user/cuser.init.1.BindParamsHandler.func1 (5 handlers)
[GIN-debug] POST   /api/user/register_by_email --> ginp-api/internal/gapi/controller/user/cuser.init.2.BindParamsHandler.func1 (5 handlers)
[GIN-debug] POST   /api/sys_user/create      --> ginp-api/internal/gapi/controller/user/cuser.init.3.BindParamsHandler.func1 (5 handlers)
[GIN-debug] POST   /api/sys_user/delete      --> ginp-api/internal/gapi/controller/user/cuser.init.4.BindParamsHandler.func1 (5 handlers)
[GIN-debug] POST   /api/sys_user/findById    --> ginp-api/internal/gapi/controller/user/cuser.init.5.BindParamsHandler.func1 (5 handlers)
[GIN-debug] POST   /api/sys_user/search      --> ginp-api/internal/gapi/controller/user/cuser.init.6.BindParamsHandler.func1 (5 handlers)
[GIN-debug] POST   /api/sys_user/update      --> ginp-api/internal/gapi/controller/user/cuser.init.7.BindParamsHandler.func1 (5 handlers)
[GIN-debug] POST   /api/user/update_user_info --> ginp-api/internal/gapi/controller/user/cuser.init.8.BindParamsHandler.func1 (5 handlers)
[GIN-debug] GET    /swagger/*any             --> github.com/swaggo/gin-swagger.CustomWrapHandler.func1 (5 handlers)
[GIN-debug] GET    /                         --> ginp-api/cmd/bootstrap.mountFrontRoot.func1 (5 handlers)
[GIN-debug] [WARNING] Running in "debug" mode. Switch to "release" mode in production.
 - using env:	export GIN_MODE=release
 - using code:	gin.SetMode(gin.ReleaseMode)

[GIN-debug] GET    /assets/*filepath         --> ginp-api/cmd/bootstrap.mountFileServer.func1 (3 handlers)
[GIN-debug] HEAD   /assets/*filepath         --> ginp-api/cmd/bootstrap.mountFileServer.func2 (3 handlers)
[GIN-debug] GET    /static/*filepath         --> ginp-api/cmd/bootstrap.mountFileServer.func1 (3 handlers)
[GIN-debug] HEAD   /static/*filepath         --> ginp-api/cmd/bootstrap.mountFileServer.func2 (3 handlers)
[GIN-debug] GET    /api/health               --> ginp-api/internal/gapi/controller/system/cindex.init.0.BindParamsHandler.func1 (5 handlers)
[GIN-debug] POST   /api/sys_user/login_by_email --> ginp-api/internal/gapi/controller/user/cuser.init.0.BindParamsHandler.func1 (5 handlers)
[GIN-debug] POST   /api/sys_user/login_by_username --> ginp-api/internal/gapi/controller/user/cuser.init.1.BindParamsHandler.func1 (5 handlers)
[GIN-debug] POST   /api/user/register_by_email --> ginp-api/internal/gapi/controller/user/cuser.init.2.BindParamsHandler.func1 (5 handlers)
[GIN-debug] POST   /api/sys_user/create      --> ginp-api/internal/gapi/controller/user/cuser.init.3.BindParamsHandler.func1 (5 handlers)
[GIN-debug] POST   /api/sys_user/delete      --> ginp-api/internal/gapi/controller/user/cuser.init.4.BindParamsHandler.func1 (5 handlers)
[GIN-debug] POST   /api/sys_user/findById    --> ginp-api/internal/gapi/controller/user/cuser.init.5.BindParamsHandler.func1 (5 handlers)
[GIN-debug] POST   /api/sys_user/search      --> ginp-api/internal/gapi/controller/user/cuser.init.6.BindParamsHandler.func1 (5 handlers)
[GIN-debug] POST   /api/sys_user/update      --> ginp-api/internal/gapi/controller/user/cuser.init.7.BindParamsHandler.func1 (5 handlers)
[GIN-debug] POST   /api/user/update_user_info --> ginp-api/internal/gapi/controller/user/cuser.init.8.BindParamsHandler.func1 (5 handlers)
[GIN-debug] GET    /swagger/*any             --> github.com/swaggo/gin-swagger.CustomWrapHandler.func1 (5 handlers)
[GIN-debug] GET    /                         --> ginp-api/cmd/bootstrap.mountFrontRoot.func1 (5 handlers)
[GIN-debug] [WARNING] Running in "debug" mode. Switch to "release" mode in production.
 - using env:	export GIN_MODE=release
 - using code:	gin.SetMode(gin.ReleaseMode)

[GIN-debug] GET    /assets/*filepath         --> ginp-api/cmd/bootstrap.mountFileServer.func1 (3 handlers)
[GIN-debug] HEAD   /assets/*filepath         --> ginp-api/cmd/bootstrap.mountFileServer.func2 (3 handlers)
[GIN-debug] GET    /static/*filepath         --> ginp-api/cmd/bootstrap.mountFileServer.func1 (3 handlers)
[GIN-debug] HEAD   /static/*filepath         --> ginp-api/cmd/bootstrap.mountFileServer.func2 (3 handlers)
[GIN-debug] GET    /api/health               --> ginp-api/internal/gapi/controller/system/cindex.init.0.BindParamsHandler.func1 (5 handlers)
[GIN-debug] POST   /api/sys_user/login_by_email --> ginp-api/internal/gapi/controller/user/cuser.init.0.BindParamsHandler.func1 (5 handlers)
[GIN-debug] POST   /api/sys_user/login_by_username --> ginp-api/internal/gapi/controller/user/cuser.init.1.BindParamsHandler.func1 (5 handlers)
[GIN-debug] POST   /api/user/register_by_email --> ginp-api/internal/gapi/controller/user/cuser.init.2.BindParamsHandler.func1 (5 handlers)
[GIN-debug] POST   /api/sys_user/create      --> ginp-api/internal/gapi/controller/user/cuser.init.3.BindParamsHandler.func1 (5 handlers)
[GIN-debug] POST   /api/sys_user/delete      --> ginp-api/internal/gapi/controller/user/cuser.init.4.BindParamsHandler.func1 (5 handlers)
[GIN-debug] POST   /api/sys_user/findById    --> ginp-api/internal/gapi/controller/user/cuser.init.5.BindParamsHandler.func1 (5 handlers)
[GIN-debug] POST   /api/sys_user/search      --> ginp-api/internal/gapi/controller/user/cuser.init.6.BindParamsHandler.func1 (5 handlers)
[GIN-debug] POST   /api/sys_user/update      --> ginp-api/internal/gapi/controller/user/cuser.init.7.BindParamsHandler.func1 (5 handlers)
[GIN-debug] POST   /api/user/update_user_info --> ginp-api/internal/gapi/controller/user/cuser.init.8.BindParamsHandler.func1 (5 handlers)
[GIN-debug] GET    /swagger/*any             --> github.com/swaggo/gin-swagger.CustomWrapHandler.func1 (5 handlers)
[GIN-debug] GET    /                         --> ginp-api/cmd/bootstrap.mountFrontRoot.func1 (5 handlers)
[GIN-debug] [WARNING] Running in "debug" mode. Switch to "release" mode in production.
 - using env:	export GIN_MODE=release
 - using code:	gin.SetMode(gin.ReleaseMode)

[GIN-debug] GET    /assets/*filepath         --> ginp-api/cmd/bootstrap.mountFileServer.func1 (3 handlers)
[GIN-debug] HEAD   /assets/*filepath         --> ginp-api/cmd/bootstrap.mountFileServer.func2 (3 handlers)
[GIN-debug] GET    /static/*filepath         --> ginp-api/cmd/bootstrap.mountFileServer.func1 (3 handlers)
[GIN-debug] HEAD   /static/*filepath         --> ginp-api/cmd/bootstrap.mountFileServer.func2 (3 handlers)
[GIN-debug] GET    /api/health               --> ginp-api/internal/gapi/controller/system/cindex.init.0.BindParamsHandler.func1 (5 handlers)
[GIN-debug] POST   /api/sys_user/login_by_email --> ginp-api/internal/gapi/controller/user/cuser.init.0.BindParamsHandler.func1 (5 handlers)
[GIN-debug] POST   /api/sys_user/login_by_username --> ginp-api/internal/gapi/controller/user/cuser.init.1.BindParamsHandler.func1 (5 handlers)
[GIN-debug] POST   /api/user/register_by_email --> ginp-api/internal/gapi/controller/user/cuser.init.2.BindParamsHandler.func1 (5 handlers)
[GIN-debug] POST   /api/sys_user/create      --> ginp-api/internal/gapi/controller/user/cuser.init.3.BindParamsHandler.func1 (5 handlers)
[GIN-debug] POST   /api/sys_user/delete      --> ginp-api/internal/gapi/controller/user/cuser.init.4.BindParamsHandler.func1 (5 handlers)
[GIN-debug] POST   /api/sys_user/findById    --> ginp-api/internal/gapi/controller/user/cuser.init.5.BindParamsHandler.func1 (5 handlers)
[GIN-debug] POST   /api/sys_user/search      --> ginp-api/internal/gapi/controller/user/cuser.init.6.BindParamsHandler.func1 (5 handlers)
[GIN-debug] POST   /api/sys_user/update      --> ginp-api/internal/gapi/controller/user/cuser.init.7.BindParamsHandler.func1 (5 handlers)
[GIN-debug] POST   /api/user/update_user_info --> ginp-api/internal/gapi/controller/user/cuser.init.8.BindParamsHandler.func1 (5 handlers)
[GIN-debug] GET    /swagger/*any             --> github.com/swaggo/gin-swagger.CustomWrapHandler.func1 (5 handlers)
[GIN-debug] GET    /                         --> ginp-api/cmd/bootstrap.mountFrontRoot.func1 (5 handlers)
2026/06/21 18:07:08 listen tcp 0.0.0.0:8082: bind: operation not permitted
[GIN] 2026/06/21 - 18:09:27 | 200 |    2.914875ms |       127.0.0.1 | GET      "/api/health"
[GIN] 2026/06/21 - 18:09:27 | 200 |     288.625µs |       127.0.0.1 | GET      "/api/health"
[GIN] 2026/06/21 - 18:11:14 | 200 |       354.5µs |       127.0.0.1 | GET      "/api/health"
[GIN] 2026/06/21 - 18:11:14 | 200 |     132.625µs |       127.0.0.1 | GET      "/api/health"
[GIN-debug] [WARNING] Running in "debug" mode. Switch to "release" mode in production.
 - using env:	export GIN_MODE=release
 - using code:	gin.SetMode(gin.ReleaseMode)

[GIN-debug] GET    /assets/*filepath         --> ginp-api/cmd/bootstrap.mountFileServer.func1 (3 handlers)
[GIN-debug] HEAD   /assets/*filepath         --> ginp-api/cmd/bootstrap.mountFileServer.func2 (3 handlers)
[GIN-debug] GET    /static/*filepath         --> ginp-api/cmd/bootstrap.mountFileServer.func1 (3 handlers)
[GIN-debug] HEAD   /static/*filepath         --> ginp-api/cmd/bootstrap.mountFileServer.func2 (3 handlers)
[GIN-debug] GET    /api/health               --> ginp-api/internal/gapi/controller/system/cindex.init.0.BindParamsHandler.func1 (5 handlers)
[GIN-debug] POST   /api/sys_user/login_by_email --> ginp-api/internal/gapi/controller/user/cuser.init.0.BindParamsHandler.func1 (5 handlers)
[GIN-debug] POST   /api/sys_user/login_by_username --> ginp-api/internal/gapi/controller/user/cuser.init.1.BindParamsHandler.func1 (5 handlers)
[GIN-debug] POST   /api/user/register_by_email --> ginp-api/internal/gapi/controller/user/cuser.init.2.BindParamsHandler.func1 (5 handlers)
[GIN-debug] POST   /api/sys_user/create      --> ginp-api/internal/gapi/controller/user/cuser.init.3.BindParamsHandler.func1 (5 handlers)
[GIN-debug] POST   /api/sys_user/delete      --> ginp-api/internal/gapi/controller/user/cuser.init.4.BindParamsHandler.func1 (5 handlers)
[GIN-debug] POST   /api/sys_user/findById    --> ginp-api/internal/gapi/controller/user/cuser.init.5.BindParamsHandler.func1 (5 handlers)
[GIN-debug] POST   /api/sys_user/search      --> ginp-api/internal/gapi/controller/user/cuser.init.6.BindParamsHandler.func1 (5 handlers)
[GIN-debug] POST   /api/sys_user/update      --> ginp-api/internal/gapi/controller/user/cuser.init.7.BindParamsHandler.func1 (5 handlers)
[GIN-debug] POST   /api/user/update_user_info --> ginp-api/internal/gapi/controller/user/cuser.init.8.BindParamsHandler.func1 (5 handlers)
[GIN-debug] GET    /swagger/*any             --> github.com/swaggo/gin-swagger.CustomWrapHandler.func1 (5 handlers)
[GIN-debug] GET    /                         --> ginp-api/cmd/bootstrap.mountFrontRoot.func1 (5 handlers)
2026/06/21 18:11:30 listen tcp 0.0.0.0:8082: bind: operation not permitted
[GIN-debug] [WARNING] Running in "debug" mode. Switch to "release" mode in production.
 - using env:	export GIN_MODE=release
 - using code:	gin.SetMode(gin.ReleaseMode)

[GIN-debug] GET    /assets/*filepath         --> ginp-api/cmd/bootstrap.mountFileServer.func1 (3 handlers)
[GIN-debug] HEAD   /assets/*filepath         --> ginp-api/cmd/bootstrap.mountFileServer.func2 (3 handlers)
[GIN-debug] GET    /static/*filepath         --> ginp-api/cmd/bootstrap.mountFileServer.func1 (3 handlers)
[GIN-debug] HEAD   /static/*filepath         --> ginp-api/cmd/bootstrap.mountFileServer.func2 (3 handlers)
[GIN-debug] GET    /api/health               --> ginp-api/internal/gapi/controller/system/cindex.init.0.BindParamsHandler.func1 (5 handlers)
[GIN-debug] POST   /api/sys_user/login_by_email --> ginp-api/internal/gapi/controller/user/cuser.init.0.BindParamsHandler.func1 (5 handlers)
[GIN-debug] POST   /api/sys_user/login_by_username --> ginp-api/internal/gapi/controller/user/cuser.init.1.BindParamsHandler.func1 (5 handlers)
[GIN-debug] POST   /api/user/register_by_email --> ginp-api/internal/gapi/controller/user/cuser.init.2.BindParamsHandler.func1 (5 handlers)
[GIN-debug] POST   /api/sys_user/create      --> ginp-api/internal/gapi/controller/user/cuser.init.3.BindParamsHandler.func1 (5 handlers)
[GIN-debug] POST   /api/sys_user/delete      --> ginp-api/internal/gapi/controller/user/cuser.init.4.BindParamsHandler.func1 (5 handlers)
[GIN-debug] POST   /api/sys_user/findById    --> ginp-api/internal/gapi/controller/user/cuser.init.5.BindParamsHandler.func1 (5 handlers)
[GIN-debug] POST   /api/sys_user/search      --> ginp-api/internal/gapi/controller/user/cuser.init.6.BindParamsHandler.func1 (5 handlers)
[GIN-debug] POST   /api/sys_user/update      --> ginp-api/internal/gapi/controller/user/cuser.init.7.BindParamsHandler.func1 (5 handlers)
[GIN-debug] POST   /api/user/update_user_info --> ginp-api/internal/gapi/controller/user/cuser.init.8.BindParamsHandler.func1 (5 handlers)
[GIN-debug] GET    /swagger/*any             --> github.com/swaggo/gin-swagger.CustomWrapHandler.func1 (5 handlers)
[GIN-debug] GET    /                         --> ginp-api/cmd/bootstrap.mountFrontRoot.func1 (5 handlers)
2026/06/21 18:11:47 listen tcp 0.0.0.0:8082: bind: address already in use
[GIN] 2026/06/21 - 18:11:51 | 200 |    2.957708ms |       127.0.0.1 | GET      "/api/health"
[GIN] 2026/06/21 - 18:12:35 | 200 |     248.917µs |       127.0.0.1 | GET      "/api/health"
[GIN] 2026/06/21 - 18:12:43 | 200 |     196.417µs |       127.0.0.1 | GET      "/api/health"


[31m2026/06/21 18:12:43 [Recovery] 2026/06/21 - 18:12:43 panic recovered:
POST /api/sys_user/search HTTP/1.1
Host: 127.0.0.1:8082
Accept: */*
Connection: close
Content-Length: 19
Content-Type: application/json
User-Agent: curl/8.7.1


数据库未初始化，请先调用 InitDb() 函数
/Volumes/MyDrive/Home/dicoder/projects/skill-box/api-server/internal/db/mysql/init_mysql.go:57 (0x10504bbe3)
	GetReadDb: panic("数据库未初始化，请先调用 InitDb() 函数")
/Volumes/MyDrive/Home/dicoder/projects/skill-box/api-server/internal/gapi/service/user/suser/user.s.go:17 (0x10504b944)
	Model: dbRead := mysql.GetReadDb()
/Volumes/MyDrive/Home/dicoder/projects/skill-box/api-server/internal/gapi/controller/user/cuser/sys_user_search.a.go:43 (0x10504ba68)
	SysUserSearch: list, total, err := suser.Model().FindList(requestParams.Wheres, requestParams.Extra)
/usr/local/go/src/reflect/value.go:586 (0x1049fad37)
	Value.call: call(frametype, fn, stackArgs, uint32(frametype.Size()), uint32(abid.retOffset), uint32(frameSize), &regArgs)
/usr/local/go/src/reflect/value.go:369 (0x1049fa0a3)
	Value.Call: return v.call("Call", in)
/Volumes/MyDrive/Home/dicoder/projects/skill-box/api-server/pkg/ginp/bind_handler.go:103 (0x10504b773)
	init.6.BindParamsHandler.func1: results := handlerFunc.Call(params)
/Users/brody/go/pkg/mod/github.com/gin-gonic/gin@v1.10.1/context.go:185 (0x105006a97)
	(*Context).Next: c.handlers[c.index](c)
/Volumes/MyDrive/Home/dicoder/projects/skill-box/api-server/pkg/ginp/middleware.go:52 (0x1050ebbdb)
	Register.LoggingMiddleware.func2: c.Next()
/Users/brody/go/pkg/mod/github.com/gin-gonic/gin@v1.10.1/context.go:185 (0x105006a97)
	(*Context).Next: c.handlers[c.index](c)
/Volumes/MyDrive/Home/dicoder/projects/skill-box/api-server/pkg/ginp/middleware.go:509 (0x1050eba8f)
	Register.CORSMiddleware.func1: c.Next()
/Users/brody/go/pkg/mod/github.com/gin-gonic/gin@v1.10.1/context.go:185 (0x1050128c7)
	(*Context).Next: c.handlers[c.index](c)
/Users/brody/go/pkg/mod/github.com/gin-gonic/gin@v1.10.1/recovery.go:102 (0x1050128b0)
	CustomRecoveryWithWriter.func1: c.Next()
/Users/brody/go/pkg/mod/github.com/gin-gonic/gin@v1.10.1/context.go:185 (0x105011ca3)
	(*Context).Next: c.handlers[c.index](c)
/Users/brody/go/pkg/mod/github.com/gin-gonic/gin@v1.10.1/logger.go:249 (0x105011c88)
	LoggerWithConfig.func1: c.Next()
/Users/brody/go/pkg/mod/github.com/gin-gonic/gin@v1.10.1/context.go:185 (0x10501123f)
	(*Context).Next: c.handlers[c.index](c)
/Users/brody/go/pkg/mod/github.com/gin-gonic/gin@v1.10.1/gin.go:644 (0x105010d7c)
	(*Engine).handleHTTPRequest: c.Next()
/Users/brody/go/pkg/mod/github.com/gin-gonic/gin@v1.10.1/gin.go:600 (0x1050109f3)
	(*Engine).ServeHTTP: engine.handleHTTPRequest(c)
/usr/local/go/src/net/http/server.go:3311 (0x104bcd58f)
	serverHandler.ServeHTTP: handler.ServeHTTP(rw, req)
/usr/local/go/src/net/http/server.go:2073 (0x104bbff5b)
	(*conn).serve: serverHandler{c.server}.ServeHTTP(w, w.req)
/usr/local/go/src/runtime/asm_arm64.s:1447 (0x1049aa683)
	goexit: MOVD	R0, R0	// NOP
[0m
[GIN] 2026/06/21 - 18:12:43 | 500 |    2.095958ms |       127.0.0.1 | POST     "/api/sys_user/search"
[GIN] 2026/06/21 - 18:13:19 | 200 |    2.642834ms |       127.0.0.1 | GET      "/api/health"


[31m2026/06/21 18:13:44 [Recovery] 2026/06/21 - 18:13:44 panic recovered:
POST /api/sys_user/search HTTP/1.1
Host: 127.0.0.1:8082
Accept: */*
Connection: close
Content-Length: 19
Content-Type: application/json
User-Agent: curl/8.7.1


数据库未初始化，请先调用 InitDb() 函数
/Volumes/MyDrive/Home/dicoder/projects/skill-box/api-server/internal/db/mysql/init_mysql.go:57 (0x10504bbe3)
	GetReadDb: panic("数据库未初始化，请先调用 InitDb() 函数")
/Volumes/MyDrive/Home/dicoder/projects/skill-box/api-server/internal/gapi/service/user/suser/user.s.go:17 (0x10504b944)
	Model: dbRead := mysql.GetReadDb()
/Volumes/MyDrive/Home/dicoder/projects/skill-box/api-server/internal/gapi/controller/user/cuser/sys_user_search.a.go:43 (0x10504ba68)
	SysUserSearch: list, total, err := suser.Model().FindList(requestParams.Wheres, requestParams.Extra)
/usr/local/go/src/reflect/value.go:586 (0x1049fad37)
	Value.call: call(frametype, fn, stackArgs, uint32(frametype.Size()), uint32(abid.retOffset), uint32(frameSize), &regArgs)
/usr/local/go/src/reflect/value.go:369 (0x1049fa0a3)
	Value.Call: return v.call("Call", in)
/Volumes/MyDrive/Home/dicoder/projects/skill-box/api-server/pkg/ginp/bind_handler.go:103 (0x10504b773)
	init.6.BindParamsHandler.func1: results := handlerFunc.Call(params)
/Users/brody/go/pkg/mod/github.com/gin-gonic/gin@v1.10.1/context.go:185 (0x105006a97)
	(*Context).Next: c.handlers[c.index](c)
/Volumes/MyDrive/Home/dicoder/projects/skill-box/api-server/pkg/ginp/middleware.go:52 (0x1050ebbdb)
	Register.LoggingMiddleware.func2: c.Next()
/Users/brody/go/pkg/mod/github.com/gin-gonic/gin@v1.10.1/context.go:185 (0x105006a97)
	(*Context).Next: c.handlers[c.index](c)
/Volumes/MyDrive/Home/dicoder/projects/skill-box/api-server/pkg/ginp/middleware.go:509 (0x1050eba8f)
	Register.CORSMiddleware.func1: c.Next()
/Users/brody/go/pkg/mod/github.com/gin-gonic/gin@v1.10.1/context.go:185 (0x1050128c7)
	(*Context).Next: c.handlers[c.index](c)
/Users/brody/go/pkg/mod/github.com/gin-gonic/gin@v1.10.1/recovery.go:102 (0x1050128b0)
	CustomRecoveryWithWriter.func1: c.Next()
/Users/brody/go/pkg/mod/github.com/gin-gonic/gin@v1.10.1/context.go:185 (0x105011ca3)
	(*Context).Next: c.handlers[c.index](c)
/Users/brody/go/pkg/mod/github.com/gin-gonic/gin@v1.10.1/logger.go:249 (0x105011c88)
	LoggerWithConfig.func1: c.Next()
/Users/brody/go/pkg/mod/github.com/gin-gonic/gin@v1.10.1/context.go:185 (0x10501123f)
	(*Context).Next: c.handlers[c.index](c)
/Users/brody/go/pkg/mod/github.com/gin-gonic/gin@v1.10.1/gin.go:644 (0x105010d7c)
	(*Engine).handleHTTPRequest: c.Next()
/Users/brody/go/pkg/mod/github.com/gin-gonic/gin@v1.10.1/gin.go:600 (0x1050109f3)
	(*Engine).ServeHTTP: engine.handleHTTPRequest(c)
/usr/local/go/src/net/http/server.go:3311 (0x104bcd58f)
	serverHandler.ServeHTTP: handler.ServeHTTP(rw, req)
/usr/local/go/src/net/http/server.go:2073 (0x104bbff5b)
	(*conn).serve: serverHandler{c.server}.ServeHTTP(w, w.req)
/usr/local/go/src/runtime/asm_arm64.s:1447 (0x1049aa683)
	goexit: MOVD	R0, R0	// NOP
[0m
[GIN] 2026/06/21 - 18:13:44 | 500 |    5.951334ms |       127.0.0.1 | POST     "/api/sys_user/search"
[GIN] 2026/06/21 - 18:13:44 | 200 |     337.166µs |       127.0.0.1 | GET      "/api/health"
[GIN] 2026/06/21 - 18:13:44 | 200 |     155.292µs |       127.0.0.1 | GET      "/api/health"
[GIN] 2026/06/21 - 18:13:44 | 200 |     143.375µs |       127.0.0.1 | GET      "/api/health"
[GIN-debug] [WARNING] Running in "debug" mode. Switch to "release" mode in production.
 - using env:	export GIN_MODE=release
 - using code:	gin.SetMode(gin.ReleaseMode)

[GIN-debug] GET    /assets/*filepath         --> ginp-api/cmd/bootstrap.mountFileServer.func1 (3 handlers)
[GIN-debug] HEAD   /assets/*filepath         --> ginp-api/cmd/bootstrap.mountFileServer.func2 (3 handlers)
[GIN-debug] GET    /static/*filepath         --> ginp-api/cmd/bootstrap.mountFileServer.func1 (3 handlers)
[GIN-debug] HEAD   /static/*filepath         --> ginp-api/cmd/bootstrap.mountFileServer.func2 (3 handlers)
[GIN-debug] GET    /api/health               --> ginp-api/internal/gapi/controller/system/cindex.init.0.BindParamsHandler.func1 (5 handlers)
[GIN-debug] POST   /api/sys_user/login_by_email --> ginp-api/internal/gapi/controller/user/cuser.init.0.BindParamsHandler.func1 (5 handlers)
[GIN-debug] POST   /api/sys_user/login_by_username --> ginp-api/internal/gapi/controller/user/cuser.init.1.BindParamsHandler.func1 (5 handlers)
[GIN-debug] POST   /api/user/register_by_email --> ginp-api/internal/gapi/controller/user/cuser.init.2.BindParamsHandler.func1 (5 handlers)
[GIN-debug] POST   /api/sys_user/create      --> ginp-api/internal/gapi/controller/user/cuser.init.3.BindParamsHandler.func1 (5 handlers)
[GIN-debug] POST   /api/sys_user/delete      --> ginp-api/internal/gapi/controller/user/cuser.init.4.BindParamsHandler.func1 (5 handlers)
[GIN-debug] POST   /api/sys_user/findById    --> ginp-api/internal/gapi/controller/user/cuser.init.5.BindParamsHandler.func1 (5 handlers)
[GIN-debug] POST   /api/sys_user/search      --> ginp-api/internal/gapi/controller/user/cuser.init.6.BindParamsHandler.func1 (5 handlers)
[GIN-debug] POST   /api/sys_user/update      --> ginp-api/internal/gapi/controller/user/cuser.init.7.BindParamsHandler.func1 (5 handlers)
[GIN-debug] POST   /api/user/update_user_info --> ginp-api/internal/gapi/controller/user/cuser.init.8.BindParamsHandler.func1 (5 handlers)
[GIN-debug] GET    /swagger/*any             --> github.com/swaggo/gin-swagger.CustomWrapHandler.func1 (5 handlers)
[GIN-debug] GET    /                         --> ginp-api/cmd/bootstrap.mountFrontRoot.func1 (5 handlers)
[GIN] 2026/06/21 - 18:14:17 | 200 |     673.334µs |       127.0.0.1 | GET      "/api/health"
[GIN] 2026/06/21 - 18:14:17 | 200 |      160.75µs |       127.0.0.1 | GET      "/api/health"
[GIN] 2026/06/21 - 18:14:20 | 200 |      345.25µs |       127.0.0.1 | GET      "/api/health"
[GIN] 2026/06/21 - 18:14:20 | 200 |     131.333µs |       127.0.0.1 | GET      "/api/health"
[GIN] 2026/06/21 - 18:14:29 | 200 |     589.125µs |       127.0.0.1 | GET      "/api/health"
[GIN] 2026/06/21 - 18:14:30 | 200 |     253.833µs |       127.0.0.1 | GET      "/api/health"
[GIN] 2026/06/21 - 18:14:30 | 200 |     615.625µs |       127.0.0.1 | GET      "/api/health"
[GIN] 2026/06/21 - 18:14:31 | 200 |     556.417µs |       127.0.0.1 | GET      "/api/health"
[GIN] 2026/06/21 - 18:14:31 | 200 |     694.625µs |       127.0.0.1 | GET      "/api/health"
[GIN] 2026/06/21 - 18:14:31 | 200 |      594.75µs |       127.0.0.1 | GET      "/api/health"
[GIN] 2026/06/21 - 18:14:31 | 200 |     639.708µs |       127.0.0.1 | GET      "/api/health"
[GIN] 2026/06/21 - 18:14:31 | 200 |     571.333µs |       127.0.0.1 | GET      "/api/health"
[GIN] 2026/06/21 - 18:14:31 | 200 |     535.667µs |       127.0.0.1 | GET      "/api/health"
[GIN] 2026/06/21 - 18:14:32 | 200 |     552.667µs |       127.0.0.1 | GET      "/api/health"
[GIN] 2026/06/21 - 18:14:32 | 200 |     641.333µs |       127.0.0.1 | GET      "/api/health"
[GIN] 2026/06/21 - 18:14:32 | 200 |     593.334µs |       127.0.0.1 | GET      "/api/health"
[GIN] 2026/06/21 - 18:14:32 | 200 |     583.041µs |       127.0.0.1 | GET      "/api/health"
[GIN] 2026/06/21 - 18:14:32 | 200 |     585.584µs |       127.0.0.1 | GET      "/api/health"
[GIN] 2026/06/21 - 18:14:32 | 200 |     760.959µs |       127.0.0.1 | GET      "/api/health"
[GIN] 2026/06/21 - 18:14:33 | 200 |     612.542µs |       127.0.0.1 | GET      "/api/health"
[GIN] 2026/06/21 - 18:14:33 | 200 |      611.25µs |       127.0.0.1 | GET      "/api/health"
[GIN] 2026/06/21 - 18:14:33 | 200 |       637.5µs |       127.0.0.1 | GET      "/api/health"
[GIN] 2026/06/21 - 18:14:33 | 200 |     570.208µs |       127.0.0.1 | GET      "/api/health"
[GIN] 2026/06/21 - 18:14:33 | 200 |     604.875µs |       127.0.0.1 | GET      "/api/health"
[GIN] 2026/06/21 - 18:14:33 | 200 |     573.791µs |       127.0.0.1 | GET      "/api/health"
[GIN] 2026/06/21 - 18:14:34 | 200 |         565µs |       127.0.0.1 | GET      "/api/health"
[GIN] 2026/06/21 - 18:14:34 | 200 |     584.625µs |       127.0.0.1 | GET      "/api/health"
[GIN] 2026/06/21 - 18:14:34 | 200 |      540.75µs |       127.0.0.1 | GET      "/api/health"
[GIN] 2026/06/21 - 18:14:35 | 200 |     682.042µs |       127.0.0.1 | GET      "/api/health"
[GIN] 2026/06/21 - 18:14:35 | 200 |     605.292µs |       127.0.0.1 | GET      "/api/health"
[GIN] 2026/06/21 - 18:14:35 | 200 |     449.041µs |       127.0.0.1 | GET      "/api/health"
[GIN] 2026/06/21 - 18:14:35 | 200 |     612.583µs |       127.0.0.1 | GET      "/api/health"
[GIN] 2026/06/21 - 18:14:47 | 200 |     3.11725ms |       127.0.0.1 | GET      "/api/health"
